\BOOKMARK [1][-]{section.1}{\376\377\000O\000v\000e\000r\000v\000i\000e\000w}{}% 1
\BOOKMARK [2][-]{subsection.1.1}{\376\377\000W\000h\000y\000\040\000t\000h\000e\000\040\000p\000r\000i\000c\000e\000s\000\040\000o\000f\000\040\000t\000w\000o\000\040\000p\000r\000o\000c\000e\000s\000s\000o\000r\000s\000\040\000d\000i\000f\000f\000e\000r\000s\000?}{section.1}% 2
\BOOKMARK [1][-]{section.2}{\376\377\000D\000i\000g\000i\000t\000a\000l\000\040\000D\000e\000s\000i\000g\000n}{}% 3
\BOOKMARK [2][-]{subsection.2.1}{\376\377\000A\000b\000s\000t\000r\000a\000c\000t\000i\000o\000n}{section.2}% 4
\BOOKMARK [2][-]{subsection.2.2}{\376\377\000T\000h\000e\000\040\000D\000i\000g\000i\000t\000a\000l\000\040\000A\000b\000s\000t\000r\000a\000c\000t\000i\000o\000n}{section.2}% 5
\BOOKMARK [2][-]{subsection.2.3}{\376\377\000D\000i\000g\000i\000t\000a\000l\000\040\000D\000i\000s\000c\000i\000p\000l\000i\000n\000e\000:\000\040\000B\000i\000n\000a\000r\000y\000\040\000V\000a\000l\000u\000e\000s}{section.2}% 6
\BOOKMARK [2][-]{subsection.2.4}{\376\377\000D\000e\000c\000i\000m\000a\000l\000\040\000t\000o\000\040\000B\000i\000n\000a\000r\000y\000\040\000C\000o\000n\000v\000e\000r\000s\000i\000o\000n}{section.2}% 7
\BOOKMARK [2][-]{subsection.2.5}{\376\377\000S\000i\000g\000n\000e\000d\000\040\000B\000i\000n\000a\000r\000y\000\040\000N\000u\000m\000b\000e\000r\000s}{section.2}% 8
\BOOKMARK [3][-]{subsubsection.2.5.1}{\376\377\000S\000i\000g\000n\000/\000M\000a\000g\000n\000i\000t\000u\000d\000e\000\040\000N\000u\000m\000b\000e\000r\000s}{subsection.2.5}% 9
\BOOKMARK [3][-]{subsubsection.2.5.2}{\376\377\000T\000w\000o\000'\000s\000\040\000C\000o\000m\000p\000l\000e\000m\000e\000n\000t\000\040\000N\000u\000m\000b\000e\000r\000s}{subsection.2.5}% 10
\BOOKMARK [2][-]{subsection.2.6}{\376\377\000L\000o\000g\000i\000c\000\040\000G\000a\000t\000e\000s}{section.2}% 11
\BOOKMARK [2][-]{subsection.2.7}{\376\377\000L\000o\000g\000i\000c\000\040\000l\000e\000v\000e\000l\000s}{section.2}% 12
\BOOKMARK [3][-]{subsubsection.2.7.1}{\376\377\000N\000o\000i\000s\000e\000\040\000M\000a\000r\000g\000i\000n\000s}{subsection.2.7}% 13
\BOOKMARK [3][-]{subsubsection.2.7.2}{\376\377\000T\000r\000a\000n\000s\000f\000e\000r\000\040\000C\000h\000a\000r\000a\000c\000t\000e\000r\000i\000s\000t\000i\000c\000s}{subsection.2.7}% 14
\BOOKMARK [2][-]{subsection.2.8}{\376\377\000M\000O\000S\000\040\000T\000r\000a\000n\000s\000i\000s\000t\000o\000r}{section.2}% 15
\BOOKMARK [3][-]{subsubsection.2.8.1}{\376\377\000n\000M\000O\000S}{subsection.2.8}% 16
\BOOKMARK [3][-]{subsubsection.2.8.2}{\376\377\000p\000M\000O\000S}{subsection.2.8}% 17
\BOOKMARK [3][-]{subsubsection.2.8.3}{\376\377\000W\000h\000y\000\040\000d\000o\000\040\000w\000e\000\040\000n\000e\000e\000d\000\040\000t\000w\000o\000\040\000t\000y\000p\000e\000s\000\040\000o\000f\000\040\000M\000O\000S\000?}{subsection.2.8}% 18
\BOOKMARK [2][-]{subsection.2.9}{\376\377\000c\000M\000o\000s\000\040\000N\000A\000N\000D\000\040\000G\000a\000t\000e}{section.2}% 19
\BOOKMARK [2][-]{subsection.2.10}{\376\377\000P\000s\000e\000u\000d\000o\000-\000n\000M\000O\000S\000\040\000G\000a\000t\000e\000s}{section.2}% 20
\BOOKMARK [2][-]{subsection.2.11}{\376\377\000P\000o\000w\000e\000r\000\040\000C\000o\000n\000s\000u\000m\000p\000t\000i\000o\000n}{section.2}% 21
\BOOKMARK [2][-]{subsection.2.12}{\376\377\000C\000i\000r\000c\000u\000i\000t\000s}{section.2}% 22
\BOOKMARK [3][-]{subsubsection.2.12.1}{\376\377\000C\000o\000m\000p\000o\000s\000i\000t\000i\000o\000n}{subsection.2.12}% 23
\BOOKMARK [3][-]{subsubsection.2.12.2}{\376\377\000T\000y\000p\000e\000s}{subsection.2.12}% 24
\BOOKMARK [3][-]{subsubsection.2.12.3}{\376\377\000D\000e\000f\000i\000n\000i\000t\000i\000o\000n\000s}{subsection.2.12}% 25
\BOOKMARK [3][-]{subsubsection.2.12.4}{\376\377\000S\000O\000P\000\040\000F\000o\000r\000m\000s}{subsection.2.12}% 26
\BOOKMARK [3][-]{subsubsection.2.12.5}{\376\377\000P\000O\000S\000\040\000F\000o\000r\000m\000s}{subsection.2.12}% 27
\BOOKMARK [3][-]{subsubsection.2.12.6}{\376\377\000S\000O\000P\000\040\000\046\000\040\000P\000O\000S\000\040\000F\000o\000r\000m\000s}{subsection.2.12}% 28
\BOOKMARK [2][-]{subsection.2.13}{\376\377\000B\000o\000o\000l\000e\000a\000n}{section.2}% 29
\BOOKMARK [3][-]{subsubsection.2.13.1}{\376\377\000A\000x\000i\000o\000m}{subsection.2.13}% 30
\BOOKMARK [3][-]{subsubsection.2.13.2}{\376\377\000T\000h\000e\000o\000r\000e\000m}{subsection.2.13}% 31
\BOOKMARK [3][-]{subsubsection.2.13.3}{\376\377\000S\000i\000m\000p\000l\000i\000f\000i\000c\000a\000t\000i\000o\000n\000\040\000m\000e\000t\000h\000o\000d\000s}{subsection.2.13}% 32
\BOOKMARK [2][-]{subsection.2.14}{\376\377\000K\000-\000M\000a\000p\000s}{section.2}% 33
\BOOKMARK [2][-]{subsection.2.15}{\376\377\000C\000o\000m\000b\000i\000n\000a\000t\000i\000o\000n\000a\000l\000\040\000B\000u\000i\000l\000d\000i\000n\000g\000\040\000B\000l\000o\000c\000k\000s}{section.2}% 34
\BOOKMARK [3][-]{subsubsection.2.15.1}{\376\377\000M\000u\000t\000i\000p\000l\000e\000x\000e\000r\000s}{subsection.2.15}% 35
\BOOKMARK [3][-]{subsubsection.2.15.2}{\376\377\000D\000e\000c\000o\000d\000e\000r\000s}{subsection.2.15}% 36
\BOOKMARK [2][-]{subsection.2.16}{\376\377\000T\000i\000m\000i\000n\000g}{section.2}% 37
\BOOKMARK [2][-]{subsection.2.17}{\376\377\000C\000r\000i\000t\000i\000c\000a\000l\000\040\000p\000a\000t\000h\000s}{section.2}% 38
\BOOKMARK [2][-]{subsection.2.18}{\376\377\000G\000l\000i\000t\000c\000h\000e\000s}{section.2}% 39
\BOOKMARK [2][-]{subsection.2.19}{\376\377\000S\000e\000q\000u\000e\000n\000t\000i\000a\000l\000\040\000L\000o\000g\000i\000c}{section.2}% 40
\BOOKMARK [3][-]{subsubsection.2.19.1}{\376\377\000D\000e\000f\000i\000n\000i\000t\000i\000o\000n\000s}{subsection.2.19}% 41
\BOOKMARK [2][-]{subsection.2.20}{\376\377\000S\000t\000a\000t\000e\000\040\000e\000l\000e\000m\000e\000n\000t\000s}{section.2}% 42
\BOOKMARK [3][-]{subsubsection.2.20.1}{\376\377\000B\000i\000s\000t\000a\000b\000l\000e\000\040\000C\000i\000r\000c\000u\000i\000t}{subsection.2.20}% 43
\BOOKMARK [3][-]{subsubsection.2.20.2}{\376\377\000S\000R\000\040\000L\000a\000t\000c\000h}{subsection.2.20}% 44
\BOOKMARK [3][-]{subsubsection.2.20.3}{\376\377\000D\000\040\000L\000a\000t\000c\000h}{subsection.2.20}% 45
\BOOKMARK [3][-]{subsubsection.2.20.4}{\376\377\000D\000\040\000F\000l\000i\000p\000-\000F\000l\000o\000p}{subsection.2.20}% 46
\BOOKMARK [2][-]{subsection.2.21}{\376\377\000T\000i\000m\000i\000n\000g}{section.2}% 47
\BOOKMARK [3][-]{subsubsection.2.21.1}{\376\377\000I\000n\000p\000u\000t\000\040\000t\000i\000m\000i\000n\000g\000\040\000c\000o\000n\000s\000t\000r\000a\000i\000n\000t}{subsection.2.21}% 48
\BOOKMARK [3][-]{subsubsection.2.21.2}{\376\377\000O\000u\000t\000p\000u\000t\000\040\000t\000i\000m\000i\000n\000g\000\040\000c\000o\000n\000s\000t\000r\000a\000i\000n\000t}{subsection.2.21}% 49
\BOOKMARK [3][-]{subsubsection.2.21.3}{\376\377\000S\000e\000t\000u\000p\000\040\000T\000i\000m\000e\000\040\000C\000o\000n\000s\000t\000r\000a\000i\000n\000t}{subsection.2.21}% 50
\BOOKMARK [3][-]{subsubsection.2.21.4}{\376\377\000H\000o\000l\000d\000\040\000T\000i\000m\000e\000\040\000C\000o\000n\000s\000t\000r\000a\000i\000n\000t}{subsection.2.21}% 51
\BOOKMARK [2][-]{subsection.2.22}{\376\377\000C\000l\000o\000c\000k\000\040\000S\000k\000e\000w}{section.2}% 52
\BOOKMARK [3][-]{subsubsection.2.22.1}{\376\377\000S\000e\000t\000u\000p\000\040\000T\000i\000m\000e\000\040\000C\000o\000n\000s\000t\000r\000a\000i\000n\000t\000\040\000w\000i\000t\000h\000\040\000S\000k\000e\000w}{subsection.2.22}% 53
\BOOKMARK [3][-]{subsubsection.2.22.2}{\376\377\000H\000o\000l\000d\000\040\000T\000i\000m\000e\000\040\000C\000o\000n\000s\000t\000r\000a\000i\000n\000t\000\040\000w\000i\000t\000h\000\040\000S\000k\000e\000w}{subsection.2.22}% 54
\BOOKMARK [1][-]{section.3}{\376\377\000P\000i\000p\000e\000l\000i\000n\000e\000\040\000O\000v\000e\000r\000v\000i\000e\000w}{}% 55
\BOOKMARK [2][-]{subsection.3.1}{\376\377\000S\000i\000m\000p\000l\000e\000\040\000P\000r\000o\000c\000e\000s\000s\000o\000r\000\040\000P\000i\000p\000e\000l\000i\000n\000e}{section.3}% 56
\BOOKMARK [2][-]{subsection.3.2}{\376\377\000F\000i\000v\000e\000-\000S\000t\000a\000g\000e\000\040\000P\000i\000p\000e\000l\000i\000n\000e\000\040\000f\000o\000r\000\040\000a\000\040\000R\000I\000S\000C\000\040\000p\000r\000o\000c\000e\000s\000s\000o\000r}{section.3}% 57
\BOOKMARK [2][-]{subsection.3.3}{\376\377\000C\000P\000U\000\040\000B\000l\000o\000c\000k\000\040\000D\000i\000a\000g\000r\000a\000m}{section.3}% 58
\BOOKMARK [2][-]{subsection.3.4}{\376\377\000H\000u\000r\000d\000l\000e\000s\000\040\000i\000n\000\040\000P\000i\000p\000e\000l\000i\000n\000i\000n\000g}{section.3}% 59
\BOOKMARK [3][-]{subsubsection.3.4.1}{\376\377\000S\000t\000r\000u\000c\000t\000u\000r\000a\000l\000\040\000H\000a\000z\000a\000r\000d\000:\000\040\000R\000e\000s\000o\000u\000r\000c\000e\000s}{subsection.3.4}% 60
\BOOKMARK [3][-]{subsubsection.3.4.2}{\376\377\000D\000a\000t\000a\000\040\000H\000a\000z\000a\000r\000d\000:\000\040\000D\000a\000t\000a\000\040\000d\000e\000p\000e\000n\000d\000e\000n\000c\000y}{subsection.3.4}% 61
\BOOKMARK [3][-]{subsubsection.3.4.3}{\376\377\000C\000o\000n\000t\000r\000o\000l\000\040\000H\000a\000z\000a\000r\000d\000:\000\040\000B\000r\000a\000n\000c\000h}{subsection.3.4}% 62
\BOOKMARK [2][-]{subsection.3.5}{\376\377\000D\000a\000t\000a\000\040\000D\000e\000p\000e\000n\000d\000e\000n\000c\000y}{section.3}% 63
\BOOKMARK [2][-]{subsection.3.6}{\376\377\000O\000u\000t\000-\000o\000f\000-\000o\000r\000d\000e\000r\000\040\000p\000i\000p\000e\000l\000n\000i\000n\000e}{section.3}% 64
\BOOKMARK [2][-]{subsection.3.7}{\376\377\000M\000e\000m\000o\000r\000y\000\040\000W\000a\000l\000l}{section.3}% 65
\BOOKMARK [2][-]{subsection.3.8}{\376\377\000M\000e\000m\000o\000r\000y\000\040\000H\000i\000e\000r\000a\000r\000c\000h\000y\000\040\000D\000e\000s\000i\000g\000n}{section.3}% 66
